{"meta": {"format": 3, "version": "7.13.1", "timestamp": "2026-01-20T12:15:09.220298", "branch_coverage": true, "show_contexts": false}, "files": {"src\\alerts\\alert_manager.py": {"executed_lines": [7, 8, 9, 10, 11, 13, 14, 17, 19, 20, 21, 22, 23, 24, 25, 28, 33, 34, 35, 36, 37, 39, 40, 45, 52, 54, 55, 56, 57, 60, 61, 65, 66, 67, 68, 69, 70, 71, 72, 73, 74, 75, 77, 94, 98, 104, 105, 106, 107, 108, 109, 111, 116, 118, 138, 139, 140, 142, 143, 144, 147, 149, 150, 152, 161, 162, 164, 167, 169, 171, 173, 175, 181, 183, 191, 197, 199, 200, 201, 202, 203, 204, 206, 208, 210, 215, 216, 217, 218, 219, 220, 221, 222, 223, 225, 226, 228, 230, 231, 233, 235, 237, 238, 239, 240, 241, 242, 244, 246, 247, 248, 250, 251, 252, 254, 255, 257, 265, 267, 269, 270, 272, 274, 275, 276], "summary": {"covered_lines": 125, "num_statements": 129, "percent_covered": 95.59748427672956, "percent_covered_display": "96", "missing_lines": 4, "excluded_lines": 0, "percent_statements_covered": 96.89922480620154, "percent_statements_covered_display": "97", "num_branches": 30, "num_partial_branches": 3, "covered_branches": 27, "missing_branches": 3, "percent_branches_covered": 90.0, "percent_branches_covered_display": "90"}, "missing_lines": [79, 95, 232, 268], "excluded_lines": [], "executed_branches": [[54, 55], [54, 57], [55, 54], [55, 56], [138, 139], [138, 142], [142, 143], [142, 147], [149, 150], [149, 171], [199, 200], [199, 201], [201, 202], [201, 203], [203, 204], [203, 206], [216, 217], [216, 225], [219, 220], [231, 233], [237, 238], [237, 242], [238, 237], [238, 239], [250, 251], [250, 257], [267, 269]], "missing_branches": [[219, 216], [231, 232], [267, 268]], "functions": {"SeverityLevel.from_value": {"executed_lines": [45, 52, 54, 55, 56, 57], "summary": {"covered_lines": 6, "num_statements": 6, "percent_covered": 100.0, "percent_covered_display": "100", "missing_lines": 0, "excluded_lines": 0, "percent_statements_covered": 100.0, "percent_statements_covered_display": "100", "num_branches": 4, "num_partial_branches": 0, "covered_branches": 4, "missing_branches": 0, "percent_branches_covered": 100.0, "percent_branches_covered_display": "100"}, "missing_lines": [], "excluded_lines": [], "start_line": 40, "executed_branches": [[54, 55], [54, 57], [55, 54], [55, 56]], "missing_branches": []}, "Alert.to_dict": {"executed_lines": [], "summary": {"covered_lines": 0, "num_statements": 1, "percent_covered": 0.0, "percent_covered_display": "0", "missing_lines": 1, "excluded_lines": 0, "percent_statements_covered": 0.0, "percent_statements_covered_display": "0", "num_branches": 0, "num_partial_branches": 0, "covered_branches": 0, "missing_branches": 0, "percent_branches_covered": 100.0, "percent_branches_covered_display": "100"}, "missing_lines": [79], "excluded_lines": [], "start_line": 77, "executed_branches": [], "missing_branches": []}, "Alert.__str__": {"executed_lines": [], "summary": {"covered_lines": 0, "num_statements": 1, "percent_covered": 0.0, "percent_covered_display": "0", "missing_lines": 1, "excluded_lines": 0, "percent_statements_covered": 0.0, "percent_statements_covered_display": "0", "num_branches": 0, "num_partial_branches": 0, "covered_branches": 0, "missing_branches": 0, "percent_branches_covered": 100.0, "percent_branches_covered_display": "100"}, "missing_lines": [95], "excluded_lines": [], "start_line": 94, "executed_branches": [], "missing_branches": []}, "AlertManager.__init__": {"executed_lines": [105, 106, 107, 108, 109], "summary": {"covered_lines": 5, "num_statements": 5, "percent_covered": 100.0, "percent_covered_display": "100", "missing_lines": 0, "excluded_lines": 0, "percent_statements_covered": 100.0, "percent_statements_covered_display": "100", "num_branches": 0, "num_partial_branches": 0, "covered_branches": 0, "missing_branches": 0, "percent_branches_covered": 100.0, "percent_branches_covered_display": "100"}, "missing_lines": [], "excluded_lines": [], "start_line": 104, "executed_branches": [], "missing_branches": []}, "AlertManager.register_notification_callback": {"executed_lines": [116], "summary": {"covered_lines": 1, "num_statements": 1, "percent_covered": 100.0, "percent_covered_display": "100", "missing_lines": 0, "excluded_lines": 0, "percent_statements_covered": 100.0, "percent_statements_covered_display": "100", "num_branches": 0, "num_partial_branches": 0, "covered_branches": 0, "missing_branches": 0, "percent_branches_covered": 100.0, "percent_branches_covered_display": "100"}, "missing_lines": [], "excluded_lines": [], "start_line": 111, "executed_branches": [], "missing_branches": []}, "AlertManager.process_sensor_data": {"executed_lines": [138, 139, 140, 142, 143, 144, 147, 149, 150, 152, 161, 162, 164, 167, 169, 171], "summary": {"covered_lines": 16, "num_statements": 16, "percent_covered": 100.0, "percent_covered_display": "100", "missing_lines": 0, "excluded_lines": 0, "percent_statements_covered": 100.0, "percent_statements_covered_display": "100", "num_branches": 6, "num_partial_branches": 0, "covered_branches": 6, "missing_branches": 0, "percent_branches_covered": 100.0, "percent_branches_covered_display": "100"}, "missing_lines": [], "excluded_lines": [], "start_line": 118, "executed_branches": [[138, 139], [138, 142], [142, 143], [142, 147], [149, 150], [149, 171]], "missing_branches": []}, "AlertManager._get_threshold": {"executed_lines": [175, 181], "summary": {"covered_lines": 2, "num_statements": 2, "percent_covered": 100.0, "percent_covered_display": "100", "missing_lines": 0, "excluded_lines": 0, "percent_statements_covered": 100.0, "percent_statements_covered_display": "100", "num_branches": 0, "num_partial_branches": 0, "covered_branches": 0, "missing_branches": 0, "percent_branches_covered": 100.0, "percent_branches_covered_display": "100"}, "missing_lines": [], "excluded_lines": [], "start_line": 173, "executed_branches": [], "missing_branches": []}, "AlertManager._generate_alert_message": {"executed_lines": [191, 197, 199, 200, 201, 202, 203, 204, 206, 208], "summary": {"covered_lines": 10, "num_statements": 10, "percent_covered": 100.0, "percent_covered_display": "100", "missing_lines": 0, "excluded_lines": 0, "percent_statements_covered": 100.0, "percent_statements_covered_display": "100", "num_branches": 6, "num_partial_branches": 0, "covered_branches": 6, "missing_branches": 0, "percent_branches_covered": 100.0, "percent_branches_covered_display": "100"}, "missing_lines": [], "excluded_lines": [], "start_line": 183, "executed_branches": [[199, 200], [199, 201], [201, 202], [201, 203], [203, 204], [203, 206]], "missing_branches": []}, "AlertManager._send_notifications": {"executed_lines": [215, 216, 217, 218, 219, 220, 221, 222, 223, 225, 226], "summary": {"covered_lines": 11, "num_statements": 11, "percent_covered": 93.33333333333333, "percent_covered_display": "93", "missing_lines": 0, "excluded_lines": 0, "percent_statements_covered": 100.0, "percent_statements_covered_display": "100", "num_branches": 4, "num_partial_branches": 1, "covered_branches": 3, "missing_branches": 1, "percent_branches_covered": 75.0, "percent_branches_covered_display": "75"}, "missing_lines": [], "excluded_lines": [], "start_line": 210, "executed_branches": [[216, 217], [216, 225], [219, 220]], "missing_branches": [[219, 216]]}, "AlertManager.get_active_alerts": {"executed_lines": [230, 231, 233], "summary": {"covered_lines": 3, "num_statements": 4, "percent_covered": 66.66666666666667, "percent_covered_display": "67", "missing_lines": 1, "excluded_lines": 0, "percent_statements_covered": 75.0, "percent_statements_covered_display": "75", "num_branches": 2, "num_partial_branches": 1, "covered_branches": 1, "missing_branches": 1, "percent_branches_covered": 50.0, "percent_branches_covered_display": "50"}, "missing_lines": [232], "excluded_lines": [], "start_line": 228, "executed_branches": [[231, 233]], "missing_branches": [[231, 232]]}, "AlertManager.acknowledge_alert": {"executed_lines": [237, 238, 239, 240, 241, 242], "summary": {"covered_lines": 6, "num_statements": 6, "percent_covered": 100.0, "percent_covered_display": "100", "missing_lines": 0, "excluded_lines": 0, "percent_statements_covered": 100.0, "percent_statements_covered_display": "100", "num_branches": 4, "num_partial_branches": 0, "covered_branches": 4, "missing_branches": 0, "percent_branches_covered": 100.0, "percent_branches_covered_display": "100"}, "missing_lines": [], "excluded_lines": [], "start_line": 235, "executed_branches": [[237, 238], [237, 242], [238, 237], [238, 239]], "missing_branches": []}, "AlertManager.get_alert_statistics": {"executed_lines": [246, 247, 248, 250, 251, 252, 254, 255, 257], "summary": {"covered_lines": 9, "num_statements": 9, "percent_covered": 100.0, "percent_covered_display": "100", "missing_lines": 0, "excluded_lines": 0, "percent_statements_covered": 100.0, "percent_statements_covered_display": "100", "num_branches": 2, "num_partial_branches": 0, "covered_branches": 2, "missing_branches": 0, "percent_branches_covered": 100.0, "percent_branches_covered_display": "100"}, "missing_lines": [], "excluded_lines": [], "start_line": 244, "executed_branches": [[250, 251], [250, 257]], "missing_branches": []}, "AlertManager._calculate_notification_success_rate": {"executed_lines": [267, 269, 270], "summary": {"covered_lines": 3, "num_statements": 4, "percent_covered": 66.66666666666667, "percent_covered_display": "67", "missing_lines": 1, "excluded_lines": 0, "percent_statements_covered": 75.0, "percent_statements_covered_display": "75", "num_branches": 2, "num_partial_branches": 1, "covered_branches": 1, "missing_branches": 1, "percent_branches_covered": 50.0, "percent_branches_covered_display": "50"}, "missing_lines": [268], "excluded_lines": [], "start_line": 265, "executed_branches": [[267, 269]], "missing_branches": [[267, 268]]}, "AlertManager.clear_acknowledged_alerts": {"executed_lines": [274, 275, 276], "summary": {"covered_lines": 3, "num_statements": 3, "percent_covered": 100.0, "percent_covered_display": "100", "missing_lines": 0, "excluded_lines": 0, "percent_statements_covered": 100.0, "percent_statements_covered_display": "100", "num_branches": 0, "num_partial_branches": 0, "covered_branches": 0, "missing_branches": 0, "percent_branches_covered": 100.0, "percent_branches_covered_display": "100"}, "missing_lines": [], "excluded_lines": [], "start_line": 272, "executed_branches": [], "missing_branches": []}, "": {"executed_lines": [7, 8, 9, 10, 11, 13, 14, 17, 19, 20, 21, 22, 23, 24, 25, 28, 33, 34, 35, 36, 37, 39, 40, 60, 61, 65, 66, 67, 68, 69, 70, 71, 72, 73, 74, 75, 77, 94, 98, 104, 111, 118, 173, 183, 210, 228, 235, 244, 265, 272], "summary": {"covered_lines": 50, "num_statements": 50, "percent_covered": 100.0, "percent_covered_display": "100", "missing_lines": 0, "excluded_lines": 0, "percent_statements_covered": 100.0, "percent_statements_covered_display": "100", "num_branches": 0, "num_partial_branches": 0, "covered_branches": 0, "missing_branches": 0, "percent_branches_covered": 100.0, "percent_branches_covered_display": "100"}, "missing_lines": [], "excluded_lines": [], "start_line": 1, "executed_branches": [], "missing_branches": []}}, "classes": {"DisasterType": {"executed_lines": [], "summary": {"covered_lines": 0, "num_statements": 0, "percent_covered": 100.0, "percent_covered_display": "100", "missing_lines": 0, "excluded_lines": 0, "percent_statements_covered": 100.0, "percent_statements_covered_display": "100", "num_branches": 0, "num_partial_branches": 0, "covered_branches": 0, "missing_branches": 0, "percent_branches_covered": 100.0, "percent_branches_covered_display": "100"}, "missing_lines": [], "excluded_lines": [], "start_line": 17, "executed_branches": [], "missing_branches": []}, "SeverityLevel": {"executed_lines": [45, 52, 54, 55, 56, 57], "summary": {"covered_lines": 6, "num_statements": 6, "percent_covered": 100.0, "percent_covered_display": "100", "missing_lines": 0, "excluded_lines": 0, "percent_statements_covered": 100.0, "percent_statements_covered_display": "100", "num_branches": 4, "num_partial_branches": 0, "covered_branches": 4, "missing_branches": 0, "percent_branches_covered": 100.0, "percent_branches_covered_display": "100"}, "missing_lines": [], "excluded_lines": [], "start_line": 28, "executed_branches": [[54, 55], [54, 57], [55, 54], [55, 56]], "missing_branches": []}, "Alert": {"executed_lines": [], "summary": {"covered_lines": 0, "num_statements": 2, "percent_covered": 0.0, "percent_covered_display": "0", "missing_lines": 2, "excluded_lines": 0, "percent_statements_covered": 0.0, "percent_statements_covered_display": "0", "num_branches": 0, "num_partial_branches": 0, "covered_branches": 0, "missing_branches": 0, "percent_branches_covered": 100.0, "percent_branches_covered_display": "100"}, "missing_lines": [79, 95], "excluded_lines": [], "start_line": 61, "executed_branches": [], "missing_branches": []}, "AlertManager": {"executed_lines": [105, 106, 107, 108, 109, 116, 138, 139, 140, 142, 143, 144, 147, 149, 150, 152, 161, 162, 164, 167, 169, 171, 175, 181, 191, 197, 199, 200, 201, 202, 203, 204, 206, 208, 215, 216, 217, 218, 219, 220, 221, 222, 223, 225, 226, 230, 231, 233, 237, 238, 239, 240, 241, 242, 246, 247, 248, 250, 251, 252, 254, 255, 257, 267, 269, 270, 274, 275, 276], "summary": {"covered_lines": 69, "num_statements": 71, "percent_covered": 94.84536082474227, "percent_covered_display": "95", "missing_lines": 2, "excluded_lines": 0, "percent_statements_covered": 97.1830985915493, "percent_statements_covered_display": "97", "num_branches": 26, "num_partial_branches": 3, "covered_branches": 23, "missing_branches": 3, "percent_branches_covered": 88.46153846153847, "percent_branches_covered_display": "88"}, "missing_lines": [232, 268], "excluded_lines": [], "start_line": 98, "executed_branches": [[138, 139], [138, 142], [142, 143], [142, 147], [149, 150], [149, 171], [199, 200], [199, 201], [201, 202], [201, 203], [203, 204], [203, 206], [216, 217], [216, 225], [219, 220], [231, 233], [237, 238], [237, 242], [238, 237], [238, 239], [250, 251], [250, 257], [267, 269]], "missing_branches": [[219, 216], [231, 232], [267, 268]]}, "": {"executed_lines": [7, 8, 9, 10, 11, 13, 14, 17, 19, 20, 21, 22, 23, 24, 25, 28, 33, 34, 35, 36, 37, 39, 40, 60, 61, 65, 66, 67, 68, 69, 70, 71, 72, 73, 74, 75, 77, 94, 98, 104, 111, 118, 173, 183, 210, 228, 235, 244, 265, 272], "summary": {"covered_lines": 50, "num_statements": 50, "percent_covered": 100.0, "percent_covered_display": "100", "missing_lines": 0, "excluded_lines": 0, "percent_statements_covered": 100.0, "percent_statements_covered_display": "100", "num_branches": 0, "num_partial_branches": 0, "covered_branches": 0, "missing_branches": 0, "percent_branches_covered": 100.0, "percent_branches_covered_display": "100"}, "missing_lines": [], "excluded_lines": [], "start_line": 1, "executed_branches": [], "missing_branches": []}}}, "src\\api\\messaging.py": {"executed_lines": [7, 8, 9, 10, 11, 12, 13, 15, 16, 19, 21, 22, 23, 24, 25, 26, 29, 30, 32, 33, 34, 35, 36, 37, 38, 40, 41, 42, 45, 48, 49, 50, 51, 52, 54, 55, 59, 60, 64, 66, 67, 68, 75, 77, 78, 79, 80, 81, 84, 90, 91, 92, 94, 106, 109, 110, 117, 118, 119, 127, 130, 131, 141, 142, 144, 146, 153, 155, 156, 157, 158, 159, 161, 163, 164, 166, 167, 168, 169, 172, 178, 179, 180, 182, 195, 198, 199, 206, 207, 208, 216, 219, 220, 222, 224, 231, 239, 241, 242, 244, 245, 246, 247, 249, 251, 252, 254, 255, 256, 259, 265, 266, 267, 268, 269, 270, 272, 291, 300, 301, 302, 305, 313, 314, 315, 318, 327, 328, 331, 332, 333, 335, 336, 338, 340, 342, 343, 344, 346, 347, 349, 353, 356, 357, 359, 361, 365], "summary": {"covered_lines": 147, "num_statements": 161, "percent_covered": 89.0995260663507, "percent_covered_display": "89", "missing_lines": 14, "excluded_lines": 0, "percent_statements_covered": 91.30434782608695, "percent_statements_covered_display": "91", "num_branches": 50, "num_partial_branches": 7, "covered_branches": 41, "missing_branches": 9, "percent_branches_covered": 82.0, "percent_branches_covered_display": "82"}, "missing_lines": [57, 62, 132, 133, 233, 234, 235, 236, 237, 248, 329, 351, 363, 367], "excluded_lines": [], "executed_branches": [[41, 42], [77, 78], [77, 81], [109, 110], [109, 117], [117, 118], [117, 127], [131, 141], [156, 157], [156, 159], [163, 164], [163, 166], [167, 168], [198, 199], [198, 206], [206, 207], [206, 216], [241, 242], [241, 244], [244, 245], [244, 246], [247, 249], [251, 252], [251, 254], [254, 255], [254, 256], [300, 301], [301, 302], [301, 313], [313, 314], [313, 327], [314, 315], [314, 327], [328, 331], [342, 343], [342, 359], [346, 347], [346, 349], [349, 353], [356, 342], [356, 357]], "missing_branches": [[41, -40], [131, 132], [167, 169], [234, 235], [234, 237], [247, 248], [300, 313], [328, 329], [349, 351]], "functions": {"NotificationResult.__post_init__": {"executed_lines": [41, 42], "summary": {"covered_lines": 2, "num_statements": 2, "percent_covered": 75.0, "percent_covered_display": "75", "missing_lines": 0, "excluded_lines": 0, "percent_statements_covered": 100.0, "percent_statements_covered_display": "100", "num_branches": 2, "num_partial_branches": 1, "covered_branches": 1, "missing_branches": 1, "percent_branches_covered": 50.0, "percent_branches_covered_display": "50"}, "missing_lines": [], "excluded_lines": [], "start_line": 40, "executed_branches": [[41, 42]], "missing_branches": [[41, -40]]}, "MessagingGateway.__init__": {"executed_lines": [49, 50, 51, 52], "summary": {"covered_lines": 4, "num_statements": 4, "percent_covered": 100.0, "percent_covered_display": "100", "missing_lines": 0, "excluded_lines": 0, "percent_statements_covered": 100.0, "percent_statements_covered_display": "100", "num_branches": 0, "num_partial_branches": 0, "covered_branches": 0, "missing_branches": 0, "percent_branches_covered": 100.0, "percent_branches_covered_display": "100"}, "missing_lines": [], "excluded_lines": [], "start_line": 48, "executed_branches": [], "missing_branches": []}, "MessagingGateway.send": {"executed_lines": [], "summary": {"covered_lines": 0, "num_statements": 1, "percent_covered": 0.0, "percent_covered_display": "0", "missing_lines": 1, "excluded_lines": 0, "percent_statements_covered": 0.0, "percent_statements_covered_display": "0", "num_branches": 0, "num_partial_branches": 0, "covered_branches": 0, "missing_branches": 0, "percent_branches_covered": 100.0, "percent_branches_covered_display": "100"}, "missing_lines": [57], "excluded_lines": [], "start_line": 55, "executed_branches": [], "missing_branches": []}, "MessagingGateway.send_bulk": {"executed_lines": [], "summary": {"covered_lines": 0, "num_statements": 1, "percent_covered": 0.0, "percent_covered_display": "0", "missing_lines": 1, "excluded_lines": 0, "percent_statements_covered": 0.0, "percent_statements_covered_display": "0", "num_branches": 0, "num_partial_branches": 0, "covered_branches": 0, "missing_branches": 0, "percent_branches_covered": 100.0, "percent_branches_covered_display": "100"}, "missing_lines": [62], "excluded_lines": [], "start_line": 60, "executed_branches": [], "missing_branches": []}, "MessagingGateway.get_statistics": {"executed_lines": [66, 67, 68], "summary": {"covered_lines": 3, "num_statements": 3, "percent_covered": 100.0, "percent_covered_display": "100", "missing_lines": 0, "excluded_lines": 0, "percent_statements_covered": 100.0, "percent_statements_covered_display": "100", "num_branches": 0, "num_partial_branches": 0, "covered_branches": 0, "missing_branches": 0, "percent_branches_covered": 100.0, "percent_branches_covered_display": "100"}, "missing_lines": [], "excluded_lines": [], "start_line": 64, "executed_branches": [], "missing_branches": []}, "MessagingGateway._simulate_latency": {"executed_lines": [77, 78, 79, 80, 81], "summary": {"covered_lines": 5, "num_statements": 5, "percent_covered": 100.0, "percent_covered_display": "100", "missing_lines": 0, "excluded_lines": 0, "percent_statements_covered": 100.0, "percent_statements_covered_display": "100", "num_branches": 2, "num_partial_branches": 0, "covered_branches": 2, "missing_branches": 0, "percent_branches_covered": 100.0, "percent_branches_covered_display": "100"}, "missing_lines": [], "excluded_lines": [], "start_line": 75, "executed_branches": [[77, 78], [77, 81]], "missing_branches": []}, "SMSGateway.__init__": {"executed_lines": [91, 92], "summary": {"covered_lines": 2, "num_statements": 2, "percent_covered": 100.0, "percent_covered_display": "100", "missing_lines": 0, "excluded_lines": 0, "percent_statements_covered": 100.0, "percent_statements_covered_display": "100", "num_branches": 0, "num_partial_branches": 0, "covered_branches": 0, "missing_branches": 0, "percent_branches_covered": 100.0, "percent_branches_covered_display": "100"}, "missing_lines": [], "excluded_lines": [], "start_line": 90, "executed_branches": [], "missing_branches": []}, "SMSGateway.send": {"executed_lines": [106, 109, 110, 117, 118, 119, 127, 130, 131, 141, 142, 144, 146], "summary": {"covered_lines": 13, "num_statements": 15, "percent_covered": 85.71428571428571, "percent_covered_display": "86", "missing_lines": 2, "excluded_lines": 0, "percent_statements_covered": 86.66666666666667, "percent_statements_covered_display": "87", "num_branches": 6, "num_partial_branches": 1, "covered_branches": 5, "missing_branches": 1, "percent_branches_covered": 83.33333333333333, "percent_branches_covered_display": "83"}, "missing_lines": [132, 133], "excluded_lines": [], "start_line": 94, "executed_branches": [[109, 110], [109, 117], [117, 118], [117, 127], [131, 141]], "missing_branches": [[131, 132]]}, "SMSGateway.send_bulk": {"executed_lines": [155, 156, 157, 158, 159], "summary": {"covered_lines": 5, "num_statements": 5, "percent_covered": 100.0, "percent_covered_display": "100", "missing_lines": 0, "excluded_lines": 0, "percent_statements_covered": 100.0, "percent_statements_covered_display": "100", "num_branches": 2, "num_partial_branches": 0, "covered_branches": 2, "missing_branches": 0, "percent_branches_covered": 100.0, "percent_branches_covered_display": "100"}, "missing_lines": [], "excluded_lines": [], "start_line": 153, "executed_branches": [[156, 157], [156, 159]], "missing_branches": []}, "SMSGateway._validate_phone_number": {"executed_lines": [163, 164, 166, 167, 168, 169], "summary": {"covered_lines": 6, "num_statements": 6, "percent_covered": 90.0, "percent_covered_display": "90", "missing_lines": 0, "excluded_lines": 0, "percent_statements_covered": 100.0, "percent_statements_covered_display": "100", "num_branches": 4, "num_partial_branches": 1, "covered_branches": 3, "missing_branches": 1, "percent_branches_covered": 75.0, "percent_branches_covered_display": "75"}, "missing_lines": [], "excluded_lines": [], "start_line": 161, "executed_branches": [[163, 164], [163, 166], [167, 168]], "missing_branches": [[167, 169]]}, "EmailGateway.__init__": {"executed_lines": [179, 180], "summary": {"covered_lines": 2, "num_statements": 2, "percent_covered": 100.0, "percent_covered_display": "100", "missing_lines": 0, "excluded_lines": 0, "percent_statements_covered": 100.0, "percent_statements_covered_display": "100", "num_branches": 0, "num_partial_branches": 0, "covered_branches": 0, "missing_branches": 0, "percent_branches_covered": 100.0, "percent_branches_covered_display": "100"}, "missing_lines": [], "excluded_lines": [], "start_line": 178, "executed_branches": [], "missing_branches": []}, "EmailGateway.send": {"executed_lines": [195, 198, 199, 206, 207, 208, 216, 219, 220, 222, 224], "summary": {"covered_lines": 11, "num_statements": 11, "percent_covered": 100.0, "percent_covered_display": "100", "missing_lines": 0, "excluded_lines": 0, "percent_statements_covered": 100.0, "percent_statements_covered_display": "100", "num_branches": 4, "num_partial_branches": 0, "covered_branches": 4, "missing_branches": 0, "percent_branches_covered": 100.0, "percent_branches_covered_display": "100"}, "missing_lines": [], "excluded_lines": [], "start_line": 182, "executed_branches": [[198, 199], [198, 206], [206, 207], [206, 216]], "missing_branches": []}, "EmailGateway.send_bulk": {"executed_lines": [], "summary": {"covered_lines": 0, "num_statements": 5, "percent_covered": 0.0, "percent_covered_display": "0", "missing_lines": 5, "excluded_lines": 0, "percent_statements_covered": 0.0, "percent_statements_covered_display": "0", "num_branches": 2, "num_partial_branches": 0, "covered_branches": 0, "missing_branches": 2, "percent_branches_covered": 0.0, "percent_branches_covered_display": "0"}, "missing_lines": [233, 234, 235, 236, 237], "excluded_lines": [], "start_line": 231, "executed_branches": [], "missing_branches": [[234, 235], [234, 237]]}, "EmailGateway._validate_email": {"executed_lines": [241, 242, 244, 245, 246, 247, 249, 251, 252, 254, 255, 256], "summary": {"covered_lines": 12, "num_statements": 13, "percent_covered": 91.30434782608695, "percent_covered_display": "91", "missing_lines": 1, "excluded_lines": 0, "percent_statements_covered": 92.3076923076923, "percent_statements_covered_display": "92", "num_branches": 10, "num_partial_branches": 1, "covered_branches": 9, "missing_branches": 1, "percent_branches_covered": 90.0, "percent_branches_covered_display": "90"}, "missing_lines": [248], "excluded_lines": [], "start_line": 239, "executed_branches": [[241, 242], [241, 244], [244, 245], [244, 246], [247, 249], [251, 252], [251, 254], [254, 255], [254, 256]], "missing_branches": [[247, 248]]}, "NotificationService.__init__": {"executed_lines": [266, 267, 268, 269, 270], "summary": {"covered_lines": 5, "num_statements": 5, "percent_covered": 100.0, "percent_covered_display": "100", "missing_lines": 0, "excluded_lines": 0, "percent_statements_covered": 100.0, "percent_statements_covered_display": "100", "num_branches": 0, "num_partial_branches": 0, "covered_branches": 0, "missing_branches": 0, "percent_branches_covered": 100.0, "percent_branches_covered_display": "100"}, "missing_lines": [], "excluded_lines": [], "start_line": 265, "executed_branches": [], "missing_branches": []}, "NotificationService.send_alert": {"executed_lines": [291, 300, 301, 302, 305, 313, 314, 315, 318, 327, 328, 331, 332, 333, 335, 336], "summary": {"covered_lines": 16, "num_statements": 17, "percent_covered": 88.88888888888889, "percent_covered_display": "89", "missing_lines": 1, "excluded_lines": 0, "percent_statements_covered": 94.11764705882354, "percent_statements_covered_display": "94", "num_branches": 10, "num_partial_branches": 2, "covered_branches": 8, "missing_branches": 2, "percent_branches_covered": 80.0, "percent_branches_covered_display": "80"}, "missing_lines": [329], "excluded_lines": [], "start_line": 272, "executed_branches": [[300, 301], [301, 302], [301, 313], [313, 314], [313, 327], [314, 315], [314, 327], [328, 331]], "missing_branches": [[300, 313], [328, 329]]}, "NotificationService._send_with_retry": {"executed_lines": [340, 342, 343, 344, 346, 347, 349, 353, 356, 357, 359], "summary": {"covered_lines": 11, "num_statements": 12, "percent_covered": 90.0, "percent_covered_display": "90", "missing_lines": 1, "excluded_lines": 0, "percent_statements_covered": 91.66666666666667, "percent_statements_covered_display": "92", "num_branches": 8, "num_partial_branches": 1, "covered_branches": 7, "missing_branches": 1, "percent_branches_covered": 87.5, "percent_branches_covered_display": "88"}, "missing_lines": [351], "excluded_lines": [], "start_line": 338, "executed_branches": [[342, 343], [342, 359], [346, 347], [346, 349], [349, 353], [356, 342], [356, 357]], "missing_branches": [[349, 351]]}, "NotificationService.get_notification_log": {"executed_lines": [], "summary": {"covered_lines": 0, "num_statements": 1, "percent_covered": 0.0, "percent_covered_display": "0", "missing_lines": 1, "excluded_lines": 0, "percent_statements_covered": 0.0, "percent_statements_covered_display": "0", "num_branches": 0, "num_partial_branches": 0, "covered_branches": 0, "missing_branches": 0, "percent_branches_covered": 100.0, "percent_branches_covered_display": "100"}, "missing_lines": [363], "excluded_lines": [], "start_line": 361, "executed_branches": [], "missing_branches": []}, "NotificationService.get_combined_statistics": {"executed_lines": [], "summary": {"covered_lines": 0, "num_statements": 1, "percent_covered": 0.0, "percent_covered_display": "0", "missing_lines": 1, "excluded_lines": 0, "percent_statements_covered": 0.0, "percent_statements_covered_display": "0", "num_branches": 0, "num_partial_branches": 0, "covered_branches": 0, "missing_branches": 0, "percent_branches_covered": 100.0, "percent_branches_covered_display": "100"}, "missing_lines": [367], "excluded_lines": [], "start_line": 365, "executed_branches": [], "missing_branches": []}, "": {"executed_lines": [7, 8, 9, 10, 11, 12, 13, 15, 16, 19, 21, 22, 23, 24, 25, 26, 29, 30, 32, 33, 34, 35, 36, 37, 38, 40, 45, 48, 54, 55, 59, 60, 64, 75, 84, 90, 94, 153, 161, 172, 178, 182, 231, 239, 259, 265, 272, 338, 361, 365], "summary": {"covered_lines": 50, "num_statements": 50, "percent_covered": 100.0, "percent_covered_display": "100", "missing_lines": 0, "excluded_lines": 0, "percent_statements_covered": 100.0, "percent_statements_covered_display": "100", "num_branches": 0, "num_partial_branches": 0, "covered_branches": 0, "missing_branches": 0, "percent_branches_covered": 100.0, "percent_branches_covered_display": "100"}, "missing_lines": [], "excluded_lines": [], "start_line": 1, "executed_branches": [], "missing_branches": []}}, "classes": {"GatewayStatus": {"executed_lines": [], "summary": {"covered_lines": 0, "num_statements": 0, "percent_covered": 100.0, "percent_covered_display": "100", "missing_lines": 0, "excluded_lines": 0, "percent_statements_covered": 100.0, "percent_statements_covered_display": "100", "num_branches": 0, "num_partial_branches": 0, "covered_branches": 0, "missing_branches": 0, "percent_branches_covered": 100.0, "percent_branches_covered_display": "100"}, "missing_lines": [], "excluded_lines": [], "start_line": 19, "executed_branches": [], "missing_branches": []}, "NotificationResult": {"executed_lines": [41, 42], "summary": {"covered_lines": 2, "num_statements": 2, "percent_covered": 75.0, "percent_covered_display": "75", "missing_lines": 0, "excluded_lines": 0, "percent_statements_covered": 100.0, "percent_statements_covered_display": "100", "num_branches": 2, "num_partial_branches": 1, "covered_branches": 1, "missing_branches": 1, "percent_branches_covered": 50.0, "percent_branches_covered_display": "50"}, "missing_lines": [], "excluded_lines": [], "start_line": 30, "executed_branches": [[41, 42]], "missing_branches": [[41, -40]]}, "MessagingGateway": {"executed_lines": [49, 50, 51, 52, 66, 67, 68, 77, 78, 79, 80, 81], "summary": {"covered_lines": 12, "num_statements": 14, "percent_covered": 87.5, "percent_covered_display": "88", "missing_lines": 2, "excluded_lines": 0, "percent_statements_covered": 85.71428571428571, "percent_statements_covered_display": "86", "num_branches": 2, "num_partial_branches": 0, "covered_branches": 2, "missing_branches": 0, "percent_branches_covered": 100.0, "percent_branches_covered_display": "100"}, "missing_lines": [57, 62], "excluded_lines": [], "start_line": 45, "executed_branches": [[77, 78], [77, 81]], "missing_branches": []}, "SMSGateway": {"executed_lines": [91, 92, 106, 109, 110, 117, 118, 119, 127, 130, 131, 141, 142, 144, 146, 155, 156, 157, 158, 159, 163, 164, 166, 167, 168, 169], "summary": {"covered_lines": 26, "num_statements": 28, "percent_covered": 90.0, "percent_covered_display": "90", "missing_lines": 2, "excluded_lines": 0, "percent_statements_covered": 92.85714285714286, "percent_statements_covered_display": "93", "num_branches": 12, "num_partial_branches": 2, "covered_branches": 10, "missing_branches": 2, "percent_branches_covered": 83.33333333333333, "percent_branches_covered_display": "83"}, "missing_lines": [132, 133], "excluded_lines": [], "start_line": 84, "executed_branches": [[109, 110], [109, 117], [117, 118], [117, 127], [131, 141], [156, 157], [156, 159], [163, 164], [163, 166], [167, 168]], "missing_branches": [[131, 132], [167, 169]]}, "EmailGateway": {"executed_lines": [179, 180, 195, 198, 199, 206, 207, 208, 216, 219, 220, 222, 224, 241, 242, 244, 245, 246, 247, 249, 251, 252, 254, 255, 256], "summary": {"covered_lines": 25, "num_statements": 31, "percent_covered": 80.85106382978724, "percent_covered_display": "81", "missing_lines": 6, "excluded_lines": 0, "percent_statements_covered": 80.64516129032258, "percent_statements_covered_display": "81", "num_branches": 16, "num_partial_branches": 1, "covered_branches": 13, "missing_branches": 3, "percent_branches_covered": 81.25, "percent_branches_covered_display": "81"}, "missing_lines": [233, 234, 235, 236, 237, 248], "excluded_lines": [], "start_line": 172, "executed_branches": [[198, 199], [198, 206], [206, 207], [206, 216], [241, 242], [241, 244], [244, 245], [244, 246], [247, 249], [251, 252], [251, 254], [254, 255], [254, 256]], "missing_branches": [[234, 235], [234, 237], [247, 248]]}, "NotificationService": {"executed_lines": [266, 267, 268, 269, 270, 291, 300, 301, 302, 305, 313, 314, 315, 318, 327, 328, 331, 332, 333, 335, 336, 340, 342, 343, 344, 346, 347, 349, 353, 356, 357, 359], "summary": {"covered_lines": 32, "num_statements": 36, "percent_covered": 87.03703703703704, "percent_covered_display": "87", "missing_lines": 4, "excluded_lines": 0, "percent_statements_covered": 88.88888888888889, "percent_statements_covered_display": "89", "num_branches": 18, "num_partial_branches": 3, "covered_branches": 15, "missing_branches": 3, "percent_branches_covered": 83.33333333333333, "percent_branches_covered_display": "83"}, "missing_lines": [329, 351, 363, 367], "excluded_lines": [], "start_line": 259, "executed_branches": [[300, 301], [301, 302], [301, 313], [313, 314], [313, 327], [314, 315], [314, 327], [328, 331], [342, 343], [342, 359], [346, 347], [346, 349], [349, 353], [356, 342], [356, 357]], "missing_branches": [[300, 313], [328, 329], [349, 351]]}, "": {"executed_lines": [7, 8, 9, 10, 11, 12, 13, 15, 16, 19, 21, 22, 23, 24, 25, 26, 29, 30, 32, 33, 34, 35, 36, 37, 38, 40, 45, 48, 54, 55, 59, 60, 64, 75, 84, 90, 94, 153, 161, 172, 178, 182, 231, 239, 259, 265, 272, 338, 361, 365], "summary": {"covered_lines": 50, "num_statements": 50, "percent_covered": 100.0, "percent_covered_display": "100", "missing_lines": 0, "excluded_lines": 0, "percent_statements_covered": 100.0, "percent_statements_covered_display": "100", "num_branches": 0, "num_partial_branches": 0, "covered_branches": 0, "missing_branches": 0, "percent_branches_covered": 100.0, "percent_branches_covered_display": "100"}, "missing_lines": [], "excluded_lines": [], "start_line": 1, "executed_branches": [], "missing_branches": []}}}, "src\\core\\config.py": {"executed_lines": [7, 8, 9, 12, 13, 20, 23, 26, 29, 34, 37, 40, 43, 48, 51, 54, 59, 62, 65, 68, 72, 93, 94, 98], "summary": {"covered_lines": 24, "num_statements": 28, "percent_covered": 85.71428571428571, "percent_covered_display": "86", "missing_lines": 4, "excluded_lines": 0, "percent_statements_covered": 85.71428571428571, "percent_statements_covered_display": "86", "num_branches": 0, "num_partial_branches": 0, "covered_branches": 0, "missing_branches": 0, "percent_branches_covered": 100.0, "percent_branches_covered_display": "100"}, "missing_lines": [74, 96, 103, 114], "excluded_lines": [], "executed_branches": [], "missing_branches": [], "functions": {"Config.to_dict": {"executed_lines": [], "summary": {"covered_lines": 0, "num_statements": 1, "percent_covered": 0.0, "percent_covered_display": "0", "missing_lines": 1, "excluded_lines": 0, "percent_statements_covered": 0.0, "percent_statements_covered_display": "0", "num_branches": 0, "num_partial_branches": 0, "covered_branches": 0, "missing_branches": 0, "percent_branches_covered": 100.0, "percent_branches_covered_display": "100"}, "missing_lines": [74], "excluded_lines": [], "start_line": 72, "executed_branches": [], "missing_branches": []}, "Config.load_from_env": {"executed_lines": [], "summary": {"covered_lines": 0, "num_statements": 1, "percent_covered": 0.0, "percent_covered_display": "0", "missing_lines": 1, "excluded_lines": 0, "percent_statements_covered": 0.0, "percent_statements_covered_display": "0", "num_branches": 0, "num_partial_branches": 0, "covered_branches": 0, "missing_branches": 0, "percent_branches_covered": 100.0, "percent_branches_covered_display": "100"}, "missing_lines": [96], "excluded_lines": [], "start_line": 94, "executed_branches": [], "missing_branches": []}, "Config.validate": {"executed_lines": [], "summary": {"covered_lines": 0, "num_statements": 2, "percent_covered": 0.0, "percent_covered_display": "0", "missing_lines": 2, "excluded_lines": 0, "percent_statements_covered": 0.0, "percent_statements_covered_display": "0", "num_branches": 0, "num_partial_branches": 0, "covered_branches": 0, "missing_branches": 0, "percent_branches_covered": 100.0, "percent_branches_covered_display": "100"}, "missing_lines": [103, 114], "excluded_lines": [], "start_line": 98, "executed_branches": [], "missing_branches": []}, "": {"executed_lines": [7, 8, 9, 12, 13, 20, 23, 26, 29, 34, 37, 40, 43, 48, 51, 54, 59, 62, 65, 68, 72, 93, 94, 98], "summary": {"covered_lines": 24, "num_statements": 24, "percent_covered": 100.0, "percent_covered_display": "100", "missing_lines": 0, "excluded_lines": 0, "percent_statements_covered": 100.0, "percent_statements_covered_display": "100", "num_branches": 0, "num_partial_branches": 0, "covered_branches": 0, "missing_branches": 0, "percent_branches_covered": 100.0, "percent_branches_covered_display": "100"}, "missing_lines": [], "excluded_lines": [], "start_line": 1, "executed_branches": [], "missing_branches": []}}, "classes": {"Config": {"executed_lines": [], "summary": {"covered_lines": 0, "num_statements": 4, "percent_covered": 0.0, "percent_covered_display": "0", "missing_lines": 4, "excluded_lines": 0, "percent_statements_covered": 0.0, "percent_statements_covered_display": "0", "num_branches": 0, "num_partial_branches": 0, "covered_branches": 0, "missing_branches": 0, "percent_branches_covered": 100.0, "percent_branches_covered_display": "100"}, "missing_lines": [74, 96, 103, 114], "excluded_lines": [], "start_line": 13, "executed_branches": [], "missing_branches": []}, "": {"executed_lines": [7, 8, 9, 12, 13, 20, 23, 26, 29, 34, 37, 40, 43, 48, 51, 54, 59, 62, 65, 68, 72, 93, 94, 98], "summary": {"covered_lines": 24, "num_statements": 24, "percent_covered": 100.0, "percent_covered_display": "100", "missing_lines": 0, "excluded_lines": 0, "percent_statements_covered": 100.0, "percent_statements_covered_display": "100", "num_branches": 0, "num_partial_branches": 0, "covered_branches": 0, "missing_branches": 0, "percent_branches_covered": 100.0, "percent_branches_covered_display": "100"}, "missing_lines": [], "excluded_lines": [], "start_line": 1, "executed_branches": [], "missing_branches": []}}}, "src\\core\\logger.py": {"executed_lines": [7, 8, 9, 10, 13, 19, 20, 22, 23, 24, 25, 27, 28, 29, 31, 32, 35, 36, 39, 43, 46, 47, 49, 51, 53, 55, 57, 59, 61, 63, 67, 71, 80, 81, 83, 84, 86, 87, 88, 89], "summary": {"covered_lines": 40, "num_statements": 42, "percent_covered": 94.0, "percent_covered_display": "94", "missing_lines": 2, "excluded_lines": 0, "percent_statements_covered": 95.23809523809524, "percent_statements_covered_display": "95", "num_branches": 8, "num_partial_branches": 1, "covered_branches": 7, "missing_branches": 1, "percent_branches_covered": 87.5, "percent_branches_covered_display": "88"}, "missing_lines": [65, 69], "excluded_lines": [], "executed_branches": [[23, 24], [23, 25], [28, 29], [28, 31], [46, 47], [86, 87], [86, 88]], "missing_branches": [[46, 49]], "functions": {"DASLogger.__new__": {"executed_lines": [23, 24, 25], "summary": {"covered_lines": 3, "num_statements": 3, "percent_covered": 100.0, "percent_covered_display": "100", "missing_lines": 0, "excluded_lines": 0, "percent_statements_covered": 100.0, "percent_statements_covered_display": "100", "num_branches": 2, "num_partial_branches": 0, "covered_branches": 2, "missing_branches": 0, "percent_branches_covered": 100.0, "percent_branches_covered_display": "100"}, "missing_lines": [], "excluded_lines": [], "start_line": 22, "executed_branches": [[23, 24], [23, 25]], "missing_branches": []}, "DASLogger.__init__": {"executed_lines": [28, 29, 31, 32, 35, 36, 39, 43, 46, 47, 49], "summary": {"covered_lines": 11, "num_statements": 11, "percent_covered": 93.33333333333333, "percent_covered_display": "93", "missing_lines": 0, "excluded_lines": 0, "percent_statements_covered": 100.0, "percent_statements_covered_display": "100", "num_branches": 4, "num_partial_branches": 1, "covered_branches": 3, "missing_branches": 1, "percent_branches_covered": 75.0, "percent_branches_covered_display": "75"}, "missing_lines": [], "excluded_lines": [], "start_line": 27, "executed_branches": [[28, 29], [28, 31], [46, 47]], "missing_branches": [[46, 49]]}, "DASLogger.info": {"executed_lines": [53], "summary": {"covered_lines": 1, "num_statements": 1, "percent_covered": 100.0, "percent_covered_display": "100", "missing_lines": 0, "excluded_lines": 0, "percent_statements_covered": 100.0, "percent_statements_covered_display": "100", "num_branches": 0, "num_partial_branches": 0, "covered_branches": 0, "missing_branches": 0, "percent_branches_covered": 100.0, "percent_branches_covered_display": "100"}, "missing_lines": [], "excluded_lines": [], "start_line": 51, "executed_branches": [], "missing_branches": []}, "DASLogger.warning": {"executed_lines": [57], "summary": {"covered_lines": 1, "num_statements": 1, "percent_covered": 100.0, "percent_covered_display": "100", "missing_lines": 0, "excluded_lines": 0, "percent_statements_covered": 100.0, "percent_statements_covered_display": "100", "num_branches": 0, "num_partial_branches": 0, "covered_branches": 0, "missing_branches": 0, "percent_branches_covered": 100.0, "percent_branches_covered_display": "100"}, "missing_lines": [], "excluded_lines": [], "start_line": 55, "executed_branches": [], "missing_branches": []}, "DASLogger.error": {"executed_lines": [61], "summary": {"covered_lines": 1, "num_statements": 1, "percent_covered": 100.0, "percent_covered_display": "100", "missing_lines": 0, "excluded_lines": 0, "percent_statements_covered": 100.0, "percent_statements_covered_display": "100", "num_branches": 0, "num_partial_branches": 0, "covered_branches": 0, "missing_branches": 0, "percent_branches_covered": 100.0, "percent_branches_covered_display": "100"}, "missing_lines": [], "excluded_lines": [], "start_line": 59, "executed_branches": [], "missing_branches": []}, "DASLogger.critical": {"executed_lines": [], "summary": {"covered_lines": 0, "num_statements": 1, "percent_covered": 0.0, "percent_covered_display": "0", "missing_lines": 1, "excluded_lines": 0, "percent_statements_covered": 0.0, "percent_statements_covered_display": "0", "num_branches": 0, "num_partial_branches": 0, "covered_branches": 0, "missing_branches": 0, "percent_branches_covered": 100.0, "percent_branches_covered_display": "100"}, "missing_lines": [65], "excluded_lines": [], "start_line": 63, "executed_branches": [], "missing_branches": []}, "DASLogger.debug": {"executed_lines": [], "summary": {"covered_lines": 0, "num_statements": 1, "percent_covered": 0.0, "percent_covered_display": "0", "missing_lines": 1, "excluded_lines": 0, "percent_statements_covered": 0.0, "percent_statements_covered_display": "0", "num_branches": 0, "num_partial_branches": 0, "covered_branches": 0, "missing_branches": 0, "percent_branches_covered": 100.0, "percent_branches_covered_display": "100"}, "missing_lines": [69], "excluded_lines": [], "start_line": 67, "executed_branches": [], "missing_branches": []}, "DASLogger.alert": {"executed_lines": [80, 81], "summary": {"covered_lines": 2, "num_statements": 2, "percent_covered": 100.0, "percent_covered_display": "100", "missing_lines": 0, "excluded_lines": 0, "percent_statements_covered": 100.0, "percent_statements_covered_display": "100", "num_branches": 0, "num_partial_branches": 0, "covered_branches": 0, "missing_branches": 0, "percent_branches_covered": 100.0, "percent_branches_covered_display": "100"}, "missing_lines": [], "excluded_lines": [], "start_line": 71, "executed_branches": [], "missing_branches": []}, "DASLogger.reset": {"executed_lines": [86, 87, 88, 89], "summary": {"covered_lines": 4, "num_statements": 4, "percent_covered": 100.0, "percent_covered_display": "100", "missing_lines": 0, "excluded_lines": 0, "percent_statements_covered": 100.0, "percent_statements_covered_display": "100", "num_branches": 2, "num_partial_branches": 0, "covered_branches": 2, "missing_branches": 0, "percent_branches_covered": 100.0, "percent_branches_covered_display": "100"}, "missing_lines": [], "excluded_lines": [], "start_line": 84, "executed_branches": [[86, 87], [86, 88]], "missing_branches": []}, "": {"executed_lines": [7, 8, 9, 10, 13, 19, 20, 22, 27, 51, 55, 59, 63, 67, 71, 83, 84], "summary": {"covered_lines": 17, "num_statements": 17, "percent_covered": 100.0, "percent_covered_display": "100", "missing_lines": 0, "excluded_lines": 0, "percent_statements_covered": 100.0, "percent_statements_covered_display": "100", "num_branches": 0, "num_partial_branches": 0, "covered_branches": 0, "missing_branches": 0, "percent_branches_covered": 100.0, "percent_branches_covered_display": "100"}, "missing_lines": [], "excluded_lines": [], "start_line": 1, "executed_branches": [], "missing_branches": []}}, "classes": {"DASLogger": {"executed_lines": [23, 24, 25, 28, 29, 31, 32, 35, 36, 39, 43, 46, 47, 49, 53, 57, 61, 80, 81, 86, 87, 88, 89], "summary": {"covered_lines": 23, "num_statements": 25, "percent_covered": 90.9090909090909, "percent_covered_display": "91", "missing_lines": 2, "excluded_lines": 0, "percent_statements_covered": 92.0, "percent_statements_covered_display": "92", "num_branches": 8, "num_partial_branches": 1, "covered_branches": 7, "missing_branches": 1, "percent_branches_covered": 87.5, "percent_branches_covered_display": "88"}, "missing_lines": [65, 69], "excluded_lines": [], "start_line": 13, "executed_branches": [[23, 24], [23, 25], [28, 29], [28, 31], [46, 47], [86, 87], [86, 88]], "missing_branches": [[46, 49]]}, "": {"executed_lines": [7, 8, 9, 10, 13, 19, 20, 22, 27, 51, 55, 59, 63, 67, 71, 83, 84], "summary": {"covered_lines": 17, "num_statements": 17, "percent_covered": 100.0, "percent_covered_display": "100", "missing_lines": 0, "excluded_lines": 0, "percent_statements_covered": 100.0, "percent_statements_covered_display": "100", "num_branches": 0, "num_partial_branches": 0, "covered_branches": 0, "missing_branches": 0, "percent_branches_covered": 100.0, "percent_branches_covered_display": "100"}, "missing_lines": [], "excluded_lines": [], "start_line": 1, "executed_branches": [], "missing_branches": []}}}, "src\\db\\storage.py": {"executed_lines": [7, 8, 9, 10, 11, 12, 14, 15, 18, 19, 21, 22, 23, 24, 25, 26, 27, 28, 30, 32, 43, 44, 46, 47, 48, 49, 61, 62, 64, 65, 66, 67, 68, 69, 70, 71, 72, 73, 74, 75, 77, 95, 97, 100, 102, 105, 111, 112, 113, 116, 117, 120, 121, 122, 124, 125, 127, 132, 133, 134, 135, 137, 138, 139, 141, 143, 144, 145, 146, 148, 152, 154, 158, 160, 162, 166, 167, 168, 169, 171, 176, 178, 179, 184, 186, 187, 188, 189, 190, 192, 207, 220, 222, 224, 225, 226, 228, 230, 231, 233, 235, 236, 241, 243, 244, 246, 248, 250, 253, 254, 255, 256, 260, 262, 263, 267, 268, 269, 274, 276, 277, 278, 279, 281, 282, 284, 285, 286, 288, 289, 290, 295, 297, 301, 306], "summary": {"covered_lines": 135, "num_statements": 166, "percent_covered": 76.80412371134021, "percent_covered_display": "77", "missing_lines": 31, "excluded_lines": 0, "percent_statements_covered": 81.32530120481928, "percent_statements_covered_display": "81", "num_branches": 28, "num_partial_branches": 6, "covered_branches": 14, "missing_branches": 14, "percent_branches_covered": 50.0, "percent_branches_covered_display": "50"}, "missing_lines": [79, 150, 163, 164, 173, 174, 194, 196, 197, 199, 200, 201, 202, 204, 205, 209, 211, 212, 214, 215, 216, 251, 270, 271, 272, 291, 292, 293, 298, 302, 308], "excluded_lines": [], "executed_branches": [[47, 48], [132, 133], [132, 137], [143, 144], [162, 166], [188, 189], [188, 190], [250, 253], [277, 278], [277, 281], [284, 285], [284, 288], [297, 301], [301, -295]], "missing_branches": [[47, 49], [143, -141], [162, 163], [196, 197], [196, 199], [200, 201], [200, 204], [201, 200], [201, 202], [211, 212], [211, 214], [250, 251], [297, 298], [301, 302]], "functions": {"EmergencyContact.to_dict": {"executed_lines": [32], "summary": {"covered_lines": 1, "num_statements": 1, "percent_covered": 100.0, "percent_covered_display": "100", "missing_lines": 0, "excluded_lines": 0, "percent_statements_covered": 100.0, "percent_statements_covered_display": "100", "num_branches": 0, "num_partial_branches": 0, "covered_branches": 0, "missing_branches": 0, "percent_branches_covered": 100.0, "percent_branches_covered_display": "100"}, "missing_lines": [], "excluded_lines": [], "start_line": 30, "executed_branches": [], "missing_branches": []}, "EmergencyContact.from_dict": {"executed_lines": [46, 47, 48, 49], "summary": {"covered_lines": 4, "num_statements": 4, "percent_covered": 83.33333333333333, "percent_covered_display": "83", "missing_lines": 0, "excluded_lines": 0, "percent_statements_covered": 100.0, "percent_statements_covered_display": "100", "num_branches": 2, "num_partial_branches": 1, "covered_branches": 1, "missing_branches": 1, "percent_branches_covered": 50.0, "percent_branches_covered_display": "50"}, "missing_lines": [], "excluded_lines": [], "start_line": 44, "executed_branches": [[47, 48]], "missing_branches": [[47, 49]]}, "AlertRecord.to_dict": {"executed_lines": [], "summary": {"covered_lines": 0, "num_statements": 1, "percent_covered": 0.0, "percent_covered_display": "0", "missing_lines": 1, "excluded_lines": 0, "percent_statements_covered": 0.0, "percent_statements_covered_display": "0", "num_branches": 0, "num_partial_branches": 0, "covered_branches": 0, "missing_branches": 0, "percent_branches_covered": 100.0, "percent_branches_covered_display": "100"}, "missing_lines": [79], "excluded_lines": [], "start_line": 77, "executed_branches": [], "missing_branches": []}, "DatabaseManager.__init__": {"executed_lines": [112, 113, 116, 117, 120, 121, 122, 124, 125], "summary": {"covered_lines": 9, "num_statements": 9, "percent_covered": 100.0, "percent_covered_display": "100", "missing_lines": 0, "excluded_lines": 0, "percent_statements_covered": 100.0, "percent_statements_covered_display": "100", "num_branches": 0, "num_partial_branches": 0, "covered_branches": 0, "missing_branches": 0, "percent_branches_covered": 100.0, "percent_branches_covered_display": "100"}, "missing_lines": [], "excluded_lines": [], "start_line": 111, "executed_branches": [], "missing_branches": []}, "DatabaseManager.connect": {"executed_lines": [132, 133, 134, 135, 137, 138, 139], "summary": {"covered_lines": 7, "num_statements": 7, "percent_covered": 100.0, "percent_covered_display": "100", "missing_lines": 0, "excluded_lines": 0, "percent_statements_covered": 100.0, "percent_statements_covered_display": "100", "num_branches": 2, "num_partial_branches": 0, "covered_branches": 2, "missing_branches": 0, "percent_branches_covered": 100.0, "percent_branches_covered_display": "100"}, "missing_lines": [], "excluded_lines": [], "start_line": 127, "executed_branches": [[132, 133], [132, 137]], "missing_branches": []}, "DatabaseManager.disconnect": {"executed_lines": [143, 144, 145, 146], "summary": {"covered_lines": 4, "num_statements": 4, "percent_covered": 83.33333333333333, "percent_covered_display": "83", "missing_lines": 0, "excluded_lines": 0, "percent_statements_covered": 100.0, "percent_statements_covered_display": "100", "num_branches": 2, "num_partial_branches": 1, "covered_branches": 1, "missing_branches": 1, "percent_branches_covered": 50.0, "percent_branches_covered_display": "50"}, "missing_lines": [], "excluded_lines": [], "start_line": 141, "executed_branches": [[143, 144]], "missing_branches": [[143, -141]]}, "DatabaseManager.is_connected": {"executed_lines": [], "summary": {"covered_lines": 0, "num_statements": 1, "percent_covered": 0.0, "percent_covered_display": "0", "missing_lines": 1, "excluded_lines": 0, "percent_statements_covered": 0.0, "percent_statements_covered_display": "0", "num_branches": 0, "num_partial_branches": 0, "covered_branches": 0, "missing_branches": 0, "percent_branches_covered": 100.0, "percent_branches_covered_display": "100"}, "missing_lines": [150], "excluded_lines": [], "start_line": 148, "executed_branches": [], "missing_branches": []}, "DatabaseManager.is_using_fallback": {"executed_lines": [154], "summary": {"covered_lines": 1, "num_statements": 1, "percent_covered": 100.0, "percent_covered_display": "100", "missing_lines": 0, "excluded_lines": 0, "percent_statements_covered": 100.0, "percent_statements_covered_display": "100", "num_branches": 0, "num_partial_branches": 0, "covered_branches": 0, "missing_branches": 0, "percent_branches_covered": 100.0, "percent_branches_covered_display": "100"}, "missing_lines": [], "excluded_lines": [], "start_line": 152, "executed_branches": [], "missing_branches": []}, "DatabaseManager.add_contact": {"executed_lines": [160, 162, 166, 167, 168, 169], "summary": {"covered_lines": 6, "num_statements": 8, "percent_covered": 70.0, "percent_covered_display": "70", "missing_lines": 2, "excluded_lines": 0, "percent_statements_covered": 75.0, "percent_statements_covered_display": "75", "num_branches": 2, "num_partial_branches": 1, "covered_branches": 1, "missing_branches": 1, "percent_branches_covered": 50.0, "percent_branches_covered_display": "50"}, "missing_lines": [163, 164], "excluded_lines": [], "start_line": 158, "executed_branches": [[162, 166]], "missing_branches": [[162, 163]]}, "DatabaseManager.get_contact": {"executed_lines": [], "summary": {"covered_lines": 0, "num_statements": 2, "percent_covered": 0.0, "percent_covered_display": "0", "missing_lines": 2, "excluded_lines": 0, "percent_statements_covered": 0.0, "percent_statements_covered_display": "0", "num_branches": 0, "num_partial_branches": 0, "covered_branches": 0, "missing_branches": 0, "percent_branches_covered": 100.0, "percent_branches_covered_display": "100"}, "missing_lines": [173, 174], "excluded_lines": [], "start_line": 171, "executed_branches": [], "missing_branches": []}, "DatabaseManager.get_contacts_by_region": {"executed_lines": [178, 179], "summary": {"covered_lines": 2, "num_statements": 2, "percent_covered": 100.0, "percent_covered_display": "100", "missing_lines": 0, "excluded_lines": 0, "percent_statements_covered": 100.0, "percent_statements_covered_display": "100", "num_branches": 0, "num_partial_branches": 0, "covered_branches": 0, "missing_branches": 0, "percent_branches_covered": 100.0, "percent_branches_covered_display": "100"}, "missing_lines": [], "excluded_lines": [], "start_line": 176, "executed_branches": [], "missing_branches": []}, "DatabaseManager.get_all_contacts": {"executed_lines": [186, 187, 188, 189, 190], "summary": {"covered_lines": 5, "num_statements": 5, "percent_covered": 100.0, "percent_covered_display": "100", "missing_lines": 0, "excluded_lines": 0, "percent_statements_covered": 100.0, "percent_statements_covered_display": "100", "num_branches": 2, "num_partial_branches": 0, "covered_branches": 2, "missing_branches": 0, "percent_branches_covered": 100.0, "percent_branches_covered_display": "100"}, "missing_lines": [], "excluded_lines": [], "start_line": 184, "executed_branches": [[188, 189], [188, 190]], "missing_branches": []}, "DatabaseManager.update_contact": {"executed_lines": [], "summary": {"covered_lines": 0, "num_statements": 9, "percent_covered": 0.0, "percent_covered_display": "0", "missing_lines": 9, "excluded_lines": 0, "percent_statements_covered": 0.0, "percent_statements_covered_display": "0", "num_branches": 6, "num_partial_branches": 0, "covered_branches": 0, "missing_branches": 6, "percent_branches_covered": 0.0, "percent_branches_covered_display": "0"}, "missing_lines": [194, 196, 197, 199, 200, 201, 202, 204, 205], "excluded_lines": [], "start_line": 192, "executed_branches": [], "missing_branches": [[196, 197], [196, 199], [200, 201], [200, 204], [201, 200], [201, 202]]}, "DatabaseManager.delete_contact": {"executed_lines": [], "summary": {"covered_lines": 0, "num_statements": 6, "percent_covered": 0.0, "percent_covered_display": "0", "missing_lines": 6, "excluded_lines": 0, "percent_statements_covered": 0.0, "percent_statements_covered_display": "0", "num_branches": 2, "num_partial_branches": 0, "covered_branches": 0, "missing_branches": 2, "percent_branches_covered": 0.0, "percent_branches_covered_display": "0"}, "missing_lines": [209, 211, 212, 214, 215, 216], "excluded_lines": [], "start_line": 207, "executed_branches": [], "missing_branches": [[211, 212], [211, 214]]}, "DatabaseManager.store_alert": {"executed_lines": [222, 224, 225, 226], "summary": {"covered_lines": 4, "num_statements": 4, "percent_covered": 100.0, "percent_covered_display": "100", "missing_lines": 0, "excluded_lines": 0, "percent_statements_covered": 100.0, "percent_statements_covered_display": "100", "num_branches": 0, "num_partial_branches": 0, "covered_branches": 0, "missing_branches": 0, "percent_branches_covered": 100.0, "percent_branches_covered_display": "100"}, "missing_lines": [], "excluded_lines": [], "start_line": 220, "executed_branches": [], "missing_branches": []}, "DatabaseManager.get_alert": {"executed_lines": [230, 231], "summary": {"covered_lines": 2, "num_statements": 2, "percent_covered": 100.0, "percent_covered_display": "100", "missing_lines": 0, "excluded_lines": 0, "percent_statements_covered": 100.0, "percent_statements_covered_display": "100", "num_branches": 0, "num_partial_branches": 0, "covered_branches": 0, "missing_branches": 0, "percent_branches_covered": 100.0, "percent_branches_covered_display": "100"}, "missing_lines": [], "excluded_lines": [], "start_line": 228, "executed_branches": [], "missing_branches": []}, "DatabaseManager.get_alerts_by_location": {"executed_lines": [235, 236], "summary": {"covered_lines": 2, "num_statements": 2, "percent_covered": 100.0, "percent_covered_display": "100", "missing_lines": 0, "excluded_lines": 0, "percent_statements_covered": 100.0, "percent_statements_covered_display": "100", "num_branches": 0, "num_partial_branches": 0, "covered_branches": 0, "missing_branches": 0, "percent_branches_covered": 100.0, "percent_branches_covered_display": "100"}, "missing_lines": [], "excluded_lines": [], "start_line": 233, "executed_branches": [], "missing_branches": []}, "DatabaseManager.get_unacknowledged_alerts": {"executed_lines": [243, 244], "summary": {"covered_lines": 2, "num_statements": 2, "percent_covered": 100.0, "percent_covered_display": "100", "missing_lines": 0, "excluded_lines": 0, "percent_statements_covered": 100.0, "percent_statements_covered_display": "100", "num_branches": 0, "num_partial_branches": 0, "covered_branches": 0, "missing_branches": 0, "percent_branches_covered": 100.0, "percent_branches_covered_display": "100"}, "missing_lines": [], "excluded_lines": [], "start_line": 241, "executed_branches": [], "missing_branches": []}, "DatabaseManager.acknowledge_alert": {"executed_lines": [248, 250, 253, 254, 255, 256], "summary": {"covered_lines": 6, "num_statements": 7, "percent_covered": 77.77777777777777, "percent_covered_display": "78", "missing_lines": 1, "excluded_lines": 0, "percent_statements_covered": 85.71428571428571, "percent_statements_covered_display": "86", "num_branches": 2, "num_partial_branches": 1, "covered_branches": 1, "missing_branches": 1, "percent_branches_covered": 50.0, "percent_branches_covered_display": "50"}, "missing_lines": [251], "excluded_lines": [], "start_line": 246, "executed_branches": [[250, 253]], "missing_branches": [[250, 251]]}, "DatabaseManager._save_to_cache": {"executed_lines": [262, 263, 267, 268, 269], "summary": {"covered_lines": 5, "num_statements": 8, "percent_covered": 62.5, "percent_covered_display": "62", "missing_lines": 3, "excluded_lines": 0, "percent_statements_covered": 62.5, "percent_statements_covered_display": "62", "num_branches": 0, "num_partial_branches": 0, "covered_branches": 0, "missing_branches": 0, "percent_branches_covered": 100.0, "percent_branches_covered_display": "100"}, "missing_lines": [270, 271, 272], "excluded_lines": [], "start_line": 260, "executed_branches": [], "missing_branches": []}, "DatabaseManager._load_from_cache": {"executed_lines": [276, 277, 278, 279, 281, 282, 284, 285, 286, 288, 289, 290], "summary": {"covered_lines": 12, "num_statements": 15, "percent_covered": 84.21052631578948, "percent_covered_display": "84", "missing_lines": 3, "excluded_lines": 0, "percent_statements_covered": 80.0, "percent_statements_covered_display": "80", "num_branches": 4, "num_partial_branches": 0, "covered_branches": 4, "missing_branches": 0, "percent_branches_covered": 100.0, "percent_branches_covered_display": "100"}, "missing_lines": [291, 292, 293], "excluded_lines": [], "start_line": 274, "executed_branches": [[277, 278], [277, 281], [284, 285], [284, 288]], "missing_branches": []}, "DatabaseManager._check_connection": {"executed_lines": [297, 301], "summary": {"covered_lines": 2, "num_statements": 4, "percent_covered": 50.0, "percent_covered_display": "50", "missing_lines": 2, "excluded_lines": 0, "percent_statements_covered": 50.0, "percent_statements_covered_display": "50", "num_branches": 4, "num_partial_branches": 2, "covered_branches": 2, "missing_branches": 2, "percent_branches_covered": 50.0, "percent_branches_covered_display": "50"}, "missing_lines": [298, 302], "excluded_lines": [], "start_line": 295, "executed_branches": [[297, 301], [301, -295]], "missing_branches": [[297, 298], [301, 302]]}, "DatabaseManager.get_statistics": {"executed_lines": [], "summary": {"covered_lines": 0, "num_statements": 1, "percent_covered": 0.0, "percent_covered_display": "0", "missing_lines": 1, "excluded_lines": 0, "percent_statements_covered": 0.0, "percent_statements_covered_display": "0", "num_branches": 0, "num_partial_branches": 0, "covered_branches": 0, "missing_branches": 0, "percent_branches_covered": 100.0, "percent_branches_covered_display": "100"}, "missing_lines": [308], "excluded_lines": [], "start_line": 306, "executed_branches": [], "missing_branches": []}, "": {"executed_lines": [7, 8, 9, 10, 11, 12, 14, 15, 18, 19, 21, 22, 23, 24, 25, 26, 27, 28, 30, 43, 44, 61, 62, 64, 65, 66, 67, 68, 69, 70, 71, 72, 73, 74, 75, 77, 95, 97, 100, 102, 105, 111, 127, 141, 148, 152, 158, 171, 176, 184, 192, 207, 220, 228, 233, 241, 246, 260, 274, 295, 306], "summary": {"covered_lines": 61, "num_statements": 61, "percent_covered": 100.0, "percent_covered_display": "100", "missing_lines": 0, "excluded_lines": 0, "percent_statements_covered": 100.0, "percent_statements_covered_display": "100", "num_branches": 0, "num_partial_branches": 0, "covered_branches": 0, "missing_branches": 0, "percent_branches_covered": 100.0, "percent_branches_covered_display": "100"}, "missing_lines": [], "excluded_lines": [], "start_line": 1, "executed_branches": [], "missing_branches": []}}, "classes": {"EmergencyContact": {"executed_lines": [32, 46, 47, 48, 49], "summary": {"covered_lines": 5, "num_statements": 5, "percent_covered": 85.71428571428571, "percent_covered_display": "86", "missing_lines": 0, "excluded_lines": 0, "percent_statements_covered": 100.0, "percent_statements_covered_display": "100", "num_branches": 2, "num_partial_branches": 1, "covered_branches": 1, "missing_branches": 1, "percent_branches_covered": 50.0, "percent_branches_covered_display": "50"}, "missing_lines": [], "excluded_lines": [], "start_line": 19, "executed_branches": [[47, 48]], "missing_branches": [[47, 49]]}, "AlertRecord": {"executed_lines": [], "summary": {"covered_lines": 0, "num_statements": 1, "percent_covered": 0.0, "percent_covered_display": "0", "missing_lines": 1, "excluded_lines": 0, "percent_statements_covered": 0.0, "percent_statements_covered_display": "0", "num_branches": 0, "num_partial_branches": 0, "covered_branches": 0, "missing_branches": 0, "percent_branches_covered": 100.0, "percent_branches_covered_display": "100"}, "missing_lines": [79], "excluded_lines": [], "start_line": 62, "executed_branches": [], "missing_branches": []}, "DatabaseException": {"executed_lines": [], "summary": {"covered_lines": 0, "num_statements": 0, "percent_covered": 100.0, "percent_covered_display": "100", "missing_lines": 0, "excluded_lines": 0, "percent_statements_covered": 100.0, "percent_statements_covered_display": "100", "num_branches": 0, "num_partial_branches": 0, "covered_branches": 0, "missing_branches": 0, "percent_branches_covered": 100.0, "percent_branches_covered_display": "100"}, "missing_lines": [], "excluded_lines": [], "start_line": 95, "executed_branches": [], "missing_branches": []}, "DatabaseCorruptionException": {"executed_lines": [], "summary": {"covered_lines": 0, "num_statements": 0, "percent_covered": 100.0, "percent_covered_display": "100", "missing_lines": 0, "excluded_lines": 0, "percent_statements_covered": 100.0, "percent_statements_covered_display": "100", "num_branches": 0, "num_partial_branches": 0, "covered_branches": 0, "missing_branches": 0, "percent_branches_covered": 100.0, "percent_branches_covered_display": "100"}, "missing_lines": [], "excluded_lines": [], "start_line": 100, "executed_branches": [], "missing_branches": []}, "DatabaseManager": {"executed_lines": [112, 113, 116, 117, 120, 121, 122, 124, 125, 132, 133, 134, 135, 137, 138, 139, 143, 144, 145, 146, 154, 160, 162, 166, 167, 168, 169, 178, 179, 186, 187, 188, 189, 190, 222, 224, 225, 226, 230, 231, 235, 236, 243, 244, 248, 250, 253, 254, 255, 256, 262, 263, 267, 268, 269, 276, 277, 278, 279, 281, 282, 284, 285, 286, 288, 289, 290, 297, 301], "summary": {"covered_lines": 69, "num_statements": 99, "percent_covered": 65.6, "percent_covered_display": "66", "missing_lines": 30, "excluded_lines": 0, "percent_statements_covered": 69.6969696969697, "percent_statements_covered_display": "70", "num_branches": 26, "num_partial_branches": 5, "covered_branches": 13, "missing_branches": 13, "percent_branches_covered": 50.0, "percent_branches_covered_display": "50"}, "missing_lines": [150, 163, 164, 173, 174, 194, 196, 197, 199, 200, 201, 202, 204, 205, 209, 211, 212, 214, 215, 216, 251, 270, 271, 272, 291, 292, 293, 298, 302, 308], "excluded_lines": [], "start_line": 105, "executed_branches": [[132, 133], [132, 137], [143, 144], [162, 166], [188, 189], [188, 190], [250, 253], [277, 278], [277, 281], [284, 285], [284, 288], [297, 301], [301, -295]], "missing_branches": [[143, -141], [162, 163], [196, 197], [196, 199], [200, 201], [200, 204], [201, 200], [201, 202], [211, 212], [211, 214], [250, 251], [297, 298], [301, 302]]}, "": {"executed_lines": [7, 8, 9, 10, 11, 12, 14, 15, 18, 19, 21, 22, 23, 24, 25, 26, 27, 28, 30, 43, 44, 61, 62, 64, 65, 66, 67, 68, 69, 70, 71, 72, 73, 74, 75, 77, 95, 97, 100, 102, 105, 111, 127, 141, 148, 152, 158, 171, 176, 184, 192, 207, 220, 228, 233, 241, 246, 260, 274, 295, 306], "summary": {"covered_lines": 61, "num_statements": 61, "percent_covered": 100.0, "percent_covered_display": "100", "missing_lines": 0, "excluded_lines": 0, "percent_statements_covered": 100.0, "percent_statements_covered_display": "100", "num_branches": 0, "num_partial_branches": 0, "covered_branches": 0, "missing_branches": 0, "percent_branches_covered": 100.0, "percent_branches_covered_display": "100"}, "missing_lines": [], "excluded_lines": [], "start_line": 1, "executed_branches": [], "missing_branches": []}}}}, "totals": {"covered_lines": 471, "num_statements": 526, "percent_covered": 87.22741433021807, "percent_covered_display": "87", "missing_lines": 55, "excluded_lines": 0, "percent_statements_covered": 89.54372623574145, "percent_statements_covered_display": "90", "num_branches": 116, "num_partial_branches": 17, "covered_branches": 89, "missing_branches": 27, "percent_branches_covered": 76.72413793103448, "percent_branches_covered_display": "77"}}